<?xml version="1.0" encoding="UTF-8"?>
<testng-results ignored="0" total="1" passed="1" failed="0" skipped="0">
  <reporter-output>
  </reporter-output>
  <suite started-at="2021-07-08T11:37:39 PDT" name="Default suite" finished-at="2021-07-08T11:37:40 PDT" duration-ms="280">
    <groups>
      <group name="cucumber">
        <method signature="AbstractTestNGCucumberTests.feature(cucumber.api.testng.CucumberFeatureWrapper)[pri:0, instance:testrunner5.testrunner5@49dc7102]" name="feature" class="cucumber.api.testng.AbstractTestNGCucumberTests"/>
      </group> <!-- cucumber -->
    </groups>
    <test started-at="2021-07-08T11:37:39 PDT" name="Default test" finished-at="2021-07-08T11:37:40 PDT" duration-ms="280">
      <class name="testrunner5.testrunner5">
        <test-method is-config="true" signature="setUpClass()[pri:0, instance:testrunner5.testrunner5@49dc7102]" started-at="2021-07-08T11:37:39 PDT" name="setUpClass" finished-at="2021-07-08T11:37:39 PDT" duration-ms="142" status="PASS">
          <reporter-output>
          </reporter-output>
        </test-method> <!-- setUpClass -->
        <test-method signature="feature(cucumber.api.testng.CucumberFeatureWrapper)[pri:0, instance:testrunner5.testrunner5@49dc7102]" started-at="2021-07-08T11:37:40 PDT" name="feature" description="Runs Cucumber Feature" data-provider="features" finished-at="2021-07-08T11:37:40 PDT" duration-ms="46" status="PASS">
          <params>
            <param index="0">
              <value>
                <![CDATA[Dell.com Support  Functionality]]>
              </value>
            </param>
          </params>
          <reporter-output>
          </reporter-output>
        </test-method> <!-- feature -->
        <test-method is-config="true" signature="tearDownClass()[pri:0, instance:testrunner5.testrunner5@49dc7102]" started-at="2021-07-08T11:37:40 PDT" name="tearDownClass" finished-at="2021-07-08T11:37:40 PDT" duration-ms="21" status="PASS">
          <reporter-output>
          </reporter-output>
        </test-method> <!-- tearDownClass -->
      </class> <!-- testrunner5.testrunner5 -->
    </test> <!-- Default test -->
  </suite> <!-- Default suite -->
</testng-results>
